<?xml version="1.0" encoding="UTF-8"?>
<!-- Generated by org.testng.reporters.JUnitReportReporter -->
<testsuite hostname="Asus-PC" failures="0" tests="1" name="test.PracticeTest2" time="0.042" errors="0" timestamp="2022-02-14T14:40:18 IST" skipped="0">
  <testcase classname="test.PracticeTest2" name="test" time="0.042"/>
  <system-out/>
</testsuite> <!-- test.PracticeTest2 -->
