<?xml version="1.0" encoding="UTF-8"?>
<!-- Generated by org.testng.reporters.JUnitReportReporter -->
<testsuite hostname="Asus-PC" failures="0" tests="5" name="test.MultiTest" time="0.058" errors="0" timestamp="2022-02-22T11:56:24 IST" skipped="0">
  <testcase classname="test.MultiTest" name="NewTest" time="0.005"/>
  <system-out/>
  <testcase classname="test.MultiTest" name="NewTest" time="0.007"/>
  <system-out/>
  <testcase classname="test.MultiTest" name="NewTest" time="0.005"/>
  <system-out/>
  <testcase classname="test.MultiTest" name="NewTest" time="0.037"/>
  <system-out/>
  <testcase classname="test.MultiTest" name="NewTest" time="0.004"/>
  <system-out/>
</testsuite> <!-- test.MultiTest -->
