<?xml version="1.0" encoding="UTF-8"?>
<!-- Generated by org.testng.reporters.JUnitReportReporter -->
<testsuite hostname="Asus-PC" failures="0" tests="3" name="test.Tests" time="187.695" errors="0" timestamp="2022-02-25T16:30:16 IST" skipped="0">
  <testcase classname="test.Tests" name="tc_3" time="17.715"/>
  <system-out/>
  <testcase classname="test.Tests" name="tc_2" time="86.088"/>
  <system-out/>
  <testcase classname="test.Tests" name="tc_1" time="83.892"/>
  <system-out/>
</testsuite> <!-- test.Tests -->
